<?xml version="1.0" encoding="UTF-8"?>
<testsuite xmlns:xsi="http://www.w3.org/2001/XMLSchema-instance" xsi:noNamespaceSchemaLocation="https://maven.apache.org/surefire/maven-surefire-plugin/xsd/surefire-test-report-3.0.xsd" version="3.0" name="br.com.wscastro.JWTProvider.Controllers.JwtValidationTest" time="3.419" tests="10" errors="0" skipped="0" failures="0">
  <properties>
    <property name="java.specification.version" value="21"/>
    <property name="sun.cpu.isalist" value="amd64"/>
    <property name="sun.jnu.encoding" value="Cp1252"/>
    <property name="java.class.path" value="C:\Users\willi\OneDrive\Documentos\Codigos\DesafioBackendItau\JWTProvider\target\test-classes;C:\Users\willi\OneDrive\Documentos\Codigos\DesafioBackendItau\JWTProvider\target\classes;C:\Users\willi\.m2\repository\org\springframework\boot\spring-boot-starter-data-jdbc\3.2.4-SNAPSHOT\spring-boot-starter-data-jdbc-3.2.4-SNAPSHOT.jar;C:\Users\willi\.m2\repository\org\springframework\boot\spring-boot-starter-jdbc\3.2.4-SNAPSHOT\spring-boot-starter-jdbc-3.2.4-SNAPSHOT.jar;C:\Users\willi\.m2\repository\com\zaxxer\HikariCP\5.0.1\HikariCP-5.0.1.jar;C:\Users\willi\.m2\repository\org\springframework\spring-jdbc\6.1.4\spring-jdbc-6.1.4.jar;C:\Users\willi\.m2\repository\org\springframework\data\spring-data-jdbc\3.2.3\spring-data-jdbc-3.2.3.jar;C:\Users\willi\.m2\repository\org\springframework\data\spring-data-relational\3.2.3\spring-data-relational-3.2.3.jar;C:\Users\willi\.m2\repository\com\github\jsqlparser\jsqlparser\4.6\jsqlparser-4.6.jar;C:\Users\willi\.m2\repository\org\springframework\data\spring-data-commons\3.2.3\spring-data-commons-3.2.3.jar;C:\Users\willi\.m2\repository\org\springframework\spring-tx\6.1.4\spring-tx-6.1.4.jar;C:\Users\willi\.m2\repository\org\springframework\spring-context\6.1.4\spring-context-6.1.4.jar;C:\Users\willi\.m2\repository\org\springframework\spring-beans\6.1.4\spring-beans-6.1.4.jar;C:\Users\willi\.m2\repository\org\slf4j\slf4j-api\2.0.12\slf4j-api-2.0.12.jar;C:\Users\willi\.m2\repository\org\springframework\boot\spring-boot-starter-security\3.2.4-SNAPSHOT\spring-boot-starter-security-3.2.4-SNAPSHOT.jar;C:\Users\willi\.m2\repository\org\springframework\boot\spring-boot-starter\3.2.4-SNAPSHOT\spring-boot-starter-3.2.4-SNAPSHOT.jar;C:\Users\willi\.m2\repository\org\springframework\boot\spring-boot\3.2.4-SNAPSHOT\spring-boot-3.2.4-SNAPSHOT.jar;C:\Users\willi\.m2\repository\org\springframework\boot\spring-boot-autoconfigure\3.2.4-SNAPSHOT\spring-boot-autoconfigure-3.2.4-SNAPSHOT.jar;C:\Users\willi\.m2\repository\org\springframework\boot\spring-boot-starter-logging\3.2.4-SNAPSHOT\spring-boot-starter-logging-3.2.4-SNAPSHOT.jar;C:\Users\willi\.m2\repository\ch\qos\logback\logback-classic\1.4.14\logback-classic-1.4.14.jar;C:\Users\willi\.m2\repository\ch\qos\logback\logback-core\1.4.14\logback-core-1.4.14.jar;C:\Users\willi\.m2\repository\org\apache\logging\log4j\log4j-to-slf4j\2.21.1\log4j-to-slf4j-2.21.1.jar;C:\Users\willi\.m2\repository\org\apache\logging\log4j\log4j-api\2.21.1\log4j-api-2.21.1.jar;C:\Users\willi\.m2\repository\org\slf4j\jul-to-slf4j\2.0.12\jul-to-slf4j-2.0.12.jar;C:\Users\willi\.m2\repository\jakarta\annotation\jakarta.annotation-api\2.1.1\jakarta.annotation-api-2.1.1.jar;C:\Users\willi\.m2\repository\org\yaml\snakeyaml\2.2\snakeyaml-2.2.jar;C:\Users\willi\.m2\repository\org\springframework\spring-aop\6.1.4\spring-aop-6.1.4.jar;C:\Users\willi\.m2\repository\org\springframework\security\spring-security-config\6.2.2\spring-security-config-6.2.2.jar;C:\Users\willi\.m2\repository\org\springframework\security\spring-security-web\6.2.2\spring-security-web-6.2.2.jar;C:\Users\willi\.m2\repository\org\springframework\spring-expression\6.1.4\spring-expression-6.1.4.jar;C:\Users\willi\.m2\repository\org\springframework\boot\spring-boot-starter-web\3.2.4-SNAPSHOT\spring-boot-starter-web-3.2.4-SNAPSHOT.jar;C:\Users\willi\.m2\repository\org\springframework\boot\spring-boot-starter-json\3.2.4-SNAPSHOT\spring-boot-starter-json-3.2.4-SNAPSHOT.jar;C:\Users\willi\.m2\repository\com\fasterxml\jackson\datatype\jackson-datatype-jdk8\2.15.4\jackson-datatype-jdk8-2.15.4.jar;C:\Users\willi\.m2\repository\com\fasterxml\jackson\datatype\jackson-datatype-jsr310\2.15.4\jackson-datatype-jsr310-2.15.4.jar;C:\Users\willi\.m2\repository\com\fasterxml\jackson\module\jackson-module-parameter-names\2.15.4\jackson-module-parameter-names-2.15.4.jar;C:\Users\willi\.m2\repository\org\springframework\boot\spring-boot-starter-tomcat\3.2.4-SNAPSHOT\spring-boot-starter-tomcat-3.2.4-SNAPSHOT.jar;C:\Users\willi\.m2\repository\org\apache\tomcat\embed\tomcat-embed-core\10.1.19\tomcat-embed-core-10.1.19.jar;C:\Users\willi\.m2\repository\org\apache\tomcat\embed\tomcat-embed-el\10.1.19\tomcat-embed-el-10.1.19.jar;C:\Users\willi\.m2\repository\org\apache\tomcat\embed\tomcat-embed-websocket\10.1.19\tomcat-embed-websocket-10.1.19.jar;C:\Users\willi\.m2\repository\org\springframework\spring-web\6.1.4\spring-web-6.1.4.jar;C:\Users\willi\.m2\repository\io\micrometer\micrometer-observation\1.12.3\micrometer-observation-1.12.3.jar;C:\Users\willi\.m2\repository\io\micrometer\micrometer-commons\1.12.3\micrometer-commons-1.12.3.jar;C:\Users\willi\.m2\repository\org\springframework\spring-webmvc\6.1.4\spring-webmvc-6.1.4.jar;C:\Users\willi\.m2\repository\com\h2database\h2\2.2.224\h2-2.2.224.jar;C:\Users\willi\.m2\repository\org\projectlombok\lombok\1.18.30\lombok-1.18.30.jar;C:\Users\willi\.m2\repository\org\springframework\boot\spring-boot-starter-test\3.2.4-SNAPSHOT\spring-boot-starter-test-3.2.4-SNAPSHOT.jar;C:\Users\willi\.m2\repository\org\springframework\boot\spring-boot-test\3.2.4-SNAPSHOT\spring-boot-test-3.2.4-SNAPSHOT.jar;C:\Users\willi\.m2\repository\org\springframework\boot\spring-boot-test-autoconfigure\3.2.4-SNAPSHOT\spring-boot-test-autoconfigure-3.2.4-SNAPSHOT.jar;C:\Users\willi\.m2\repository\com\jayway\jsonpath\json-path\2.9.0\json-path-2.9.0.jar;C:\Users\willi\.m2\repository\jakarta\xml\bind\jakarta.xml.bind-api\4.0.1\jakarta.xml.bind-api-4.0.1.jar;C:\Users\willi\.m2\repository\jakarta\activation\jakarta.activation-api\2.1.2\jakarta.activation-api-2.1.2.jar;C:\Users\willi\.m2\repository\net\minidev\json-smart\2.5.0\json-smart-2.5.0.jar;C:\Users\willi\.m2\repository\net\minidev\accessors-smart\2.5.0\accessors-smart-2.5.0.jar;C:\Users\willi\.m2\repository\org\ow2\asm\asm\9.3\asm-9.3.jar;C:\Users\willi\.m2\repository\org\assertj\assertj-core\3.24.2\assertj-core-3.24.2.jar;C:\Users\willi\.m2\repository\net\bytebuddy\byte-buddy\1.14.12\byte-buddy-1.14.12.jar;C:\Users\willi\.m2\repository\org\awaitility\awaitility\4.2.0\awaitility-4.2.0.jar;C:\Users\willi\.m2\repository\org\hamcrest\hamcrest\2.2\hamcrest-2.2.jar;C:\Users\willi\.m2\repository\org\junit\jupiter\junit-jupiter\5.10.2\junit-jupiter-5.10.2.jar;C:\Users\willi\.m2\repository\org\junit\jupiter\junit-jupiter-api\5.10.2\junit-jupiter-api-5.10.2.jar;C:\Users\willi\.m2\repository\org\opentest4j\opentest4j\1.3.0\opentest4j-1.3.0.jar;C:\Users\willi\.m2\repository\org\junit\platform\junit-platform-commons\1.10.2\junit-platform-commons-1.10.2.jar;C:\Users\willi\.m2\repository\org\apiguardian\apiguardian-api\1.1.2\apiguardian-api-1.1.2.jar;C:\Users\willi\.m2\repository\org\junit\jupiter\junit-jupiter-params\5.10.2\junit-jupiter-params-5.10.2.jar;C:\Users\willi\.m2\repository\org\junit\jupiter\junit-jupiter-engine\5.10.2\junit-jupiter-engine-5.10.2.jar;C:\Users\willi\.m2\repository\org\junit\platform\junit-platform-engine\1.10.2\junit-platform-engine-1.10.2.jar;C:\Users\willi\.m2\repository\org\mockito\mockito-core\5.7.0\mockito-core-5.7.0.jar;C:\Users\willi\.m2\repository\net\bytebuddy\byte-buddy-agent\1.14.12\byte-buddy-agent-1.14.12.jar;C:\Users\willi\.m2\repository\org\objenesis\objenesis\3.3\objenesis-3.3.jar;C:\Users\willi\.m2\repository\org\mockito\mockito-junit-jupiter\5.7.0\mockito-junit-jupiter-5.7.0.jar;C:\Users\willi\.m2\repository\org\skyscreamer\jsonassert\1.5.1\jsonassert-1.5.1.jar;C:\Users\willi\.m2\repository\com\vaadin\external\google\android-json\0.0.20131108.vaadin1\android-json-0.0.20131108.vaadin1.jar;C:\Users\willi\.m2\repository\org\springframework\spring-core\6.1.4\spring-core-6.1.4.jar;C:\Users\willi\.m2\repository\org\springframework\spring-jcl\6.1.4\spring-jcl-6.1.4.jar;C:\Users\willi\.m2\repository\org\springframework\spring-test\6.1.4\spring-test-6.1.4.jar;C:\Users\willi\.m2\repository\org\xmlunit\xmlunit-core\2.9.1\xmlunit-core-2.9.1.jar;C:\Users\willi\.m2\repository\org\springframework\security\spring-security-test\6.2.2\spring-security-test-6.2.2.jar;C:\Users\willi\.m2\repository\org\springframework\security\spring-security-core\6.2.2\spring-security-core-6.2.2.jar;C:\Users\willi\.m2\repository\org\springframework\security\spring-security-crypto\6.2.2\spring-security-crypto-6.2.2.jar;C:\Users\willi\.m2\repository\io\jsonwebtoken\jjwt\0.9.1\jjwt-0.9.1.jar;C:\Users\willi\.m2\repository\com\fasterxml\jackson\core\jackson-databind\2.16.1\jackson-databind-2.16.1.jar;C:\Users\willi\.m2\repository\com\fasterxml\jackson\core\jackson-annotations\2.15.4\jackson-annotations-2.15.4.jar;C:\Users\willi\.m2\repository\com\fasterxml\jackson\core\jackson-core\2.15.4\jackson-core-2.15.4.jar;"/>
    <property name="java.vm.vendor" value="Oracle Corporation"/>
    <property name="sun.arch.data.model" value="64"/>
    <property name="user.variant" value=""/>
    <property name="java.vendor.url" value="https://java.oracle.com/"/>
    <property name="user.timezone" value="America/Sao_Paulo"/>
    <property name="os.name" value="Windows 11"/>
    <property name="java.vm.specification.version" value="21"/>
    <property name="sun.java.launcher" value="SUN_STANDARD"/>
    <property name="user.country" value="BR"/>
    <property name="sun.boot.library.path" value="C:\Users\willi\.jdks\openjdk-21.0.2\bin"/>
    <property name="sun.java.command" value="C:\Users\willi\AppData\Local\Temp\surefire11492920794315733207\surefirebooter-20240303172422131_3.jar C:\Users\willi\AppData\Local\Temp\surefire11492920794315733207 2024-03-03T17-24-22_010-jvmRun1 surefire-20240303172422131_1tmp surefire_0-20240303172422131_2tmp"/>
    <property name="jdk.debug" value="release"/>
    <property name="surefire.test.class.path" value="C:\Users\willi\OneDrive\Documentos\Codigos\DesafioBackendItau\JWTProvider\target\test-classes;C:\Users\willi\OneDrive\Documentos\Codigos\DesafioBackendItau\JWTProvider\target\classes;C:\Users\willi\.m2\repository\org\springframework\boot\spring-boot-starter-data-jdbc\3.2.4-SNAPSHOT\spring-boot-starter-data-jdbc-3.2.4-SNAPSHOT.jar;C:\Users\willi\.m2\repository\org\springframework\boot\spring-boot-starter-jdbc\3.2.4-SNAPSHOT\spring-boot-starter-jdbc-3.2.4-SNAPSHOT.jar;C:\Users\willi\.m2\repository\com\zaxxer\HikariCP\5.0.1\HikariCP-5.0.1.jar;C:\Users\willi\.m2\repository\org\springframework\spring-jdbc\6.1.4\spring-jdbc-6.1.4.jar;C:\Users\willi\.m2\repository\org\springframework\data\spring-data-jdbc\3.2.3\spring-data-jdbc-3.2.3.jar;C:\Users\willi\.m2\repository\org\springframework\data\spring-data-relational\3.2.3\spring-data-relational-3.2.3.jar;C:\Users\willi\.m2\repository\com\github\jsqlparser\jsqlparser\4.6\jsqlparser-4.6.jar;C:\Users\willi\.m2\repository\org\springframework\data\spring-data-commons\3.2.3\spring-data-commons-3.2.3.jar;C:\Users\willi\.m2\repository\org\springframework\spring-tx\6.1.4\spring-tx-6.1.4.jar;C:\Users\willi\.m2\repository\org\springframework\spring-context\6.1.4\spring-context-6.1.4.jar;C:\Users\willi\.m2\repository\org\springframework\spring-beans\6.1.4\spring-beans-6.1.4.jar;C:\Users\willi\.m2\repository\org\slf4j\slf4j-api\2.0.12\slf4j-api-2.0.12.jar;C:\Users\willi\.m2\repository\org\springframework\boot\spring-boot-starter-security\3.2.4-SNAPSHOT\spring-boot-starter-security-3.2.4-SNAPSHOT.jar;C:\Users\willi\.m2\repository\org\springframework\boot\spring-boot-starter\3.2.4-SNAPSHOT\spring-boot-starter-3.2.4-SNAPSHOT.jar;C:\Users\willi\.m2\repository\org\springframework\boot\spring-boot\3.2.4-SNAPSHOT\spring-boot-3.2.4-SNAPSHOT.jar;C:\Users\willi\.m2\repository\org\springframework\boot\spring-boot-autoconfigure\3.2.4-SNAPSHOT\spring-boot-autoconfigure-3.2.4-SNAPSHOT.jar;C:\Users\willi\.m2\repository\org\springframework\boot\spring-boot-starter-logging\3.2.4-SNAPSHOT\spring-boot-starter-logging-3.2.4-SNAPSHOT.jar;C:\Users\willi\.m2\repository\ch\qos\logback\logback-classic\1.4.14\logback-classic-1.4.14.jar;C:\Users\willi\.m2\repository\ch\qos\logback\logback-core\1.4.14\logback-core-1.4.14.jar;C:\Users\willi\.m2\repository\org\apache\logging\log4j\log4j-to-slf4j\2.21.1\log4j-to-slf4j-2.21.1.jar;C:\Users\willi\.m2\repository\org\apache\logging\log4j\log4j-api\2.21.1\log4j-api-2.21.1.jar;C:\Users\willi\.m2\repository\org\slf4j\jul-to-slf4j\2.0.12\jul-to-slf4j-2.0.12.jar;C:\Users\willi\.m2\repository\jakarta\annotation\jakarta.annotation-api\2.1.1\jakarta.annotation-api-2.1.1.jar;C:\Users\willi\.m2\repository\org\yaml\snakeyaml\2.2\snakeyaml-2.2.jar;C:\Users\willi\.m2\repository\org\springframework\spring-aop\6.1.4\spring-aop-6.1.4.jar;C:\Users\willi\.m2\repository\org\springframework\security\spring-security-config\6.2.2\spring-security-config-6.2.2.jar;C:\Users\willi\.m2\repository\org\springframework\security\spring-security-web\6.2.2\spring-security-web-6.2.2.jar;C:\Users\willi\.m2\repository\org\springframework\spring-expression\6.1.4\spring-expression-6.1.4.jar;C:\Users\willi\.m2\repository\org\springframework\boot\spring-boot-starter-web\3.2.4-SNAPSHOT\spring-boot-starter-web-3.2.4-SNAPSHOT.jar;C:\Users\willi\.m2\repository\org\springframework\boot\spring-boot-starter-json\3.2.4-SNAPSHOT\spring-boot-starter-json-3.2.4-SNAPSHOT.jar;C:\Users\willi\.m2\repository\com\fasterxml\jackson\datatype\jackson-datatype-jdk8\2.15.4\jackson-datatype-jdk8-2.15.4.jar;C:\Users\willi\.m2\repository\com\fasterxml\jackson\datatype\jackson-datatype-jsr310\2.15.4\jackson-datatype-jsr310-2.15.4.jar;C:\Users\willi\.m2\repository\com\fasterxml\jackson\module\jackson-module-parameter-names\2.15.4\jackson-module-parameter-names-2.15.4.jar;C:\Users\willi\.m2\repository\org\springframework\boot\spring-boot-starter-tomcat\3.2.4-SNAPSHOT\spring-boot-starter-tomcat-3.2.4-SNAPSHOT.jar;C:\Users\willi\.m2\repository\org\apache\tomcat\embed\tomcat-embed-core\10.1.19\tomcat-embed-core-10.1.19.jar;C:\Users\willi\.m2\repository\org\apache\tomcat\embed\tomcat-embed-el\10.1.19\tomcat-embed-el-10.1.19.jar;C:\Users\willi\.m2\repository\org\apache\tomcat\embed\tomcat-embed-websocket\10.1.19\tomcat-embed-websocket-10.1.19.jar;C:\Users\willi\.m2\repository\org\springframework\spring-web\6.1.4\spring-web-6.1.4.jar;C:\Users\willi\.m2\repository\io\micrometer\micrometer-observation\1.12.3\micrometer-observation-1.12.3.jar;C:\Users\willi\.m2\repository\io\micrometer\micrometer-commons\1.12.3\micrometer-commons-1.12.3.jar;C:\Users\willi\.m2\repository\org\springframework\spring-webmvc\6.1.4\spring-webmvc-6.1.4.jar;C:\Users\willi\.m2\repository\com\h2database\h2\2.2.224\h2-2.2.224.jar;C:\Users\willi\.m2\repository\org\projectlombok\lombok\1.18.30\lombok-1.18.30.jar;C:\Users\willi\.m2\repository\org\springframework\boot\spring-boot-starter-test\3.2.4-SNAPSHOT\spring-boot-starter-test-3.2.4-SNAPSHOT.jar;C:\Users\willi\.m2\repository\org\springframework\boot\spring-boot-test\3.2.4-SNAPSHOT\spring-boot-test-3.2.4-SNAPSHOT.jar;C:\Users\willi\.m2\repository\org\springframework\boot\spring-boot-test-autoconfigure\3.2.4-SNAPSHOT\spring-boot-test-autoconfigure-3.2.4-SNAPSHOT.jar;C:\Users\willi\.m2\repository\com\jayway\jsonpath\json-path\2.9.0\json-path-2.9.0.jar;C:\Users\willi\.m2\repository\jakarta\xml\bind\jakarta.xml.bind-api\4.0.1\jakarta.xml.bind-api-4.0.1.jar;C:\Users\willi\.m2\repository\jakarta\activation\jakarta.activation-api\2.1.2\jakarta.activation-api-2.1.2.jar;C:\Users\willi\.m2\repository\net\minidev\json-smart\2.5.0\json-smart-2.5.0.jar;C:\Users\willi\.m2\repository\net\minidev\accessors-smart\2.5.0\accessors-smart-2.5.0.jar;C:\Users\willi\.m2\repository\org\ow2\asm\asm\9.3\asm-9.3.jar;C:\Users\willi\.m2\repository\org\assertj\assertj-core\3.24.2\assertj-core-3.24.2.jar;C:\Users\willi\.m2\repository\net\bytebuddy\byte-buddy\1.14.12\byte-buddy-1.14.12.jar;C:\Users\willi\.m2\repository\org\awaitility\awaitility\4.2.0\awaitility-4.2.0.jar;C:\Users\willi\.m2\repository\org\hamcrest\hamcrest\2.2\hamcrest-2.2.jar;C:\Users\willi\.m2\repository\org\junit\jupiter\junit-jupiter\5.10.2\junit-jupiter-5.10.2.jar;C:\Users\willi\.m2\repository\org\junit\jupiter\junit-jupiter-api\5.10.2\junit-jupiter-api-5.10.2.jar;C:\Users\willi\.m2\repository\org\opentest4j\opentest4j\1.3.0\opentest4j-1.3.0.jar;C:\Users\willi\.m2\repository\org\junit\platform\junit-platform-commons\1.10.2\junit-platform-commons-1.10.2.jar;C:\Users\willi\.m2\repository\org\apiguardian\apiguardian-api\1.1.2\apiguardian-api-1.1.2.jar;C:\Users\willi\.m2\repository\org\junit\jupiter\junit-jupiter-params\5.10.2\junit-jupiter-params-5.10.2.jar;C:\Users\willi\.m2\repository\org\junit\jupiter\junit-jupiter-engine\5.10.2\junit-jupiter-engine-5.10.2.jar;C:\Users\willi\.m2\repository\org\junit\platform\junit-platform-engine\1.10.2\junit-platform-engine-1.10.2.jar;C:\Users\willi\.m2\repository\org\mockito\mockito-core\5.7.0\mockito-core-5.7.0.jar;C:\Users\willi\.m2\repository\net\bytebuddy\byte-buddy-agent\1.14.12\byte-buddy-agent-1.14.12.jar;C:\Users\willi\.m2\repository\org\objenesis\objenesis\3.3\objenesis-3.3.jar;C:\Users\willi\.m2\repository\org\mockito\mockito-junit-jupiter\5.7.0\mockito-junit-jupiter-5.7.0.jar;C:\Users\willi\.m2\repository\org\skyscreamer\jsonassert\1.5.1\jsonassert-1.5.1.jar;C:\Users\willi\.m2\repository\com\vaadin\external\google\android-json\0.0.20131108.vaadin1\android-json-0.0.20131108.vaadin1.jar;C:\Users\willi\.m2\repository\org\springframework\spring-core\6.1.4\spring-core-6.1.4.jar;C:\Users\willi\.m2\repository\org\springframework\spring-jcl\6.1.4\spring-jcl-6.1.4.jar;C:\Users\willi\.m2\repository\org\springframework\spring-test\6.1.4\spring-test-6.1.4.jar;C:\Users\willi\.m2\repository\org\xmlunit\xmlunit-core\2.9.1\xmlunit-core-2.9.1.jar;C:\Users\willi\.m2\repository\org\springframework\security\spring-security-test\6.2.2\spring-security-test-6.2.2.jar;C:\Users\willi\.m2\repository\org\springframework\security\spring-security-core\6.2.2\spring-security-core-6.2.2.jar;C:\Users\willi\.m2\repository\org\springframework\security\spring-security-crypto\6.2.2\spring-security-crypto-6.2.2.jar;C:\Users\willi\.m2\repository\io\jsonwebtoken\jjwt\0.9.1\jjwt-0.9.1.jar;C:\Users\willi\.m2\repository\com\fasterxml\jackson\core\jackson-databind\2.16.1\jackson-databind-2.16.1.jar;C:\Users\willi\.m2\repository\com\fasterxml\jackson\core\jackson-annotations\2.15.4\jackson-annotations-2.15.4.jar;C:\Users\willi\.m2\repository\com\fasterxml\jackson\core\jackson-core\2.15.4\jackson-core-2.15.4.jar;"/>
    <property name="sun.cpu.endian" value="little"/>
    <property name="user.home" value="C:\Users\willi"/>
    <property name="user.language" value="pt"/>
    <property name="java.specification.vendor" value="Oracle Corporation"/>
    <property name="java.version.date" value="2024-01-16"/>
    <property name="java.home" value="C:\Users\willi\.jdks\openjdk-21.0.2"/>
    <property name="file.separator" value="\"/>
    <property name="basedir" value="C:\Users\willi\OneDrive\Documentos\Codigos\DesafioBackendItau\JWTProvider"/>
    <property name="java.vm.compressedOopsMode" value="Zero based"/>
    <property name="line.separator" value="&#10;"/>
    <property name="java.vm.specification.vendor" value="Oracle Corporation"/>
    <property name="java.specification.name" value="Java Platform API Specification"/>
    <property name="FILE_LOG_CHARSET" value="UTF-8"/>
    <property name="java.awt.headless" value="true"/>
    <property name="surefire.real.class.path" value="C:\Users\willi\AppData\Local\Temp\surefire11492920794315733207\surefirebooter-20240303172422131_3.jar"/>
    <property name="user.script" value=""/>
    <property name="sun.management.compiler" value="HotSpot 64-Bit Tiered Compilers"/>
    <property name="java.runtime.version" value="21.0.2+13-58"/>
    <property name="user.name" value="willi"/>
    <property name="stdout.encoding" value="Cp1252"/>
    <property name="path.separator" value=";"/>
    <property name="os.version" value="10.0"/>
    <property name="java.runtime.name" value="OpenJDK Runtime Environment"/>
    <property name="file.encoding" value="UTF-8"/>
    <property name="java.vm.name" value="OpenJDK 64-Bit Server VM"/>
    <property name="localRepository" value="C:\Users\willi\.m2\repository"/>
    <property name="java.vendor.url.bug" value="https://bugreport.java.com/bugreport/"/>
    <property name="java.io.tmpdir" value="C:\Users\willi\AppData\Local\Temp\"/>
    <property name="idea.version" value="2023.3.4"/>
    <property name="com.zaxxer.hikari.pool_number" value="1"/>
    <property name="java.version" value="21.0.2"/>
    <property name="user.dir" value="C:\Users\willi\OneDrive\Documentos\Codigos\DesafioBackendItau\JWTProvider"/>
    <property name="os.arch" value="amd64"/>
    <property name="java.vm.specification.name" value="Java Virtual Machine Specification"/>
    <property name="PID" value="10524"/>
    <property name="sun.os.patch.level" value=""/>
    <property name="CONSOLE_LOG_CHARSET" value="UTF-8"/>
    <property name="native.encoding" value="Cp1252"/>
    <property name="java.library.path" value="C:\Users\willi\.jdks\openjdk-21.0.2\bin;C:\WINDOWS\Sun\Java\bin;C:\WINDOWS\system32;C:\WINDOWS;C:\Program Files\Common Files\Oracle\Java\javapath;C:\WINDOWS\system32;C:\WINDOWS;C:\WINDOWS\System32\Wbem;C:\WINDOWS\System32\WindowsPowerShell\v1.0\;C:\WINDOWS\System32\OpenSSH\;C:\Program Files (x86)\NVIDIA Corporation\PhysX\Common;C:\Program Files\nodejs\;C:\Program Files\Git\cmd;C:\Program Files\NVIDIA Corporation\NVIDIA App\NvDLISR;C:\Program Files\MySQL\MySQL Shell 8.0\bin\;C:\Users\willi\AppData\Local\Microsoft\WindowsApps;C:\Users\willi\AppData\Local\GitHubDesktop\bin;C:\Users\willi\AppData\Local\Programs\Microsoft VS Code\bin;C:\Program Files\JetBrains\IntelliJ IDEA 2023.3.4\bin;;C:\Users\willi\AppData\Roaming\npm;."/>
    <property name="java.vm.info" value="mixed mode, sharing"/>
    <property name="stderr.encoding" value="Cp1252"/>
    <property name="java.vendor" value="Oracle Corporation"/>
    <property name="java.vm.version" value="21.0.2+13-58"/>
    <property name="sun.io.unicode.encoding" value="UnicodeLittle"/>
    <property name="java.class.version" value="65.0"/>
  </properties>
  <testcase name="testJwtValidation" classname="br.com.wscastro.JWTProvider.Controllers.JwtValidationTest" time="0.756">
    <system-out><![CDATA[17:24:22.963 [main] INFO org.springframework.test.context.support.AnnotationConfigContextLoaderUtils -- Could not detect default configuration classes for test class [br.com.wscastro.JWTProvider.Controllers.JwtValidationTest]: JwtValidationTest does not declare any static, non-private, non-final, nested classes annotated with @Configuration.
17:24:23.104 [main] INFO org.springframework.boot.test.context.SpringBootTestContextBootstrapper -- Found @SpringBootConfiguration br.com.wscastro.JWTProvider.JwtProviderApplication for test class br.com.wscastro.JWTProvider.Controllers.JwtValidationTest

  .   ____          _            __ _ _
 /\\ / ___'_ __ _ _(_)_ __  __ _ \ \ \ \
( ( )\___ | '_ | '_| | '_ \/ _` | \ \ \ \
 \\/  ___)| |_)| | | | | || (_| |  ) ) ) )
  '  |____| .__|_| |_|_| |_\__, | / / / /
 =========|_|==============|___/=/_/_/_/
 :: Spring Boot ::       (v3.2.4-SNAPSHOT)

2024-03-03T17:24:23.558-03:00  INFO 10524 --- [           main] b.c.w.J.Controllers.JwtValidationTest    : Starting JwtValidationTest using Java 21.0.2 with PID 10524 (started by willi in C:\Users\willi\OneDrive\Documentos\Codigos\DesafioBackendItau\JWTProvider)
2024-03-03T17:24:23.560-03:00  INFO 10524 --- [           main] b.c.w.J.Controllers.JwtValidationTest    : No active profile set, falling back to 1 default profile: "default"
2024-03-03T17:24:24.140-03:00  INFO 10524 --- [           main] .s.d.r.c.RepositoryConfigurationDelegate : Bootstrapping Spring Data JDBC repositories in DEFAULT mode.
2024-03-03T17:24:24.155-03:00  INFO 10524 --- [           main] .s.d.r.c.RepositoryConfigurationDelegate : Finished Spring Data repository scanning in 12 ms. Found 0 JDBC repository interfaces.
2024-03-03T17:24:24.485-03:00  WARN 10524 --- [           main] .s.s.UserDetailsServiceAutoConfiguration : 

Using generated security password: b1c1eb79-d941-4a94-ba31-5636820088b9

This generated password is for development use only. Your security configuration must be updated before running your application in production.

2024-03-03T17:24:24.756-03:00  INFO 10524 --- [           main] o.s.s.web.DefaultSecurityFilterChain     : Will secure any request with [org.springframework.security.web.session.DisableEncodeUrlFilter@721d5b74, org.springframework.security.web.context.request.async.WebAsyncManagerIntegrationFilter@3421debd, org.springframework.security.web.context.SecurityContextHolderFilter@2c719bd4, org.springframework.security.web.header.HeaderWriterFilter@3e046e39, org.springframework.web.filter.CorsFilter@41bfa9e9, org.springframework.security.web.authentication.logout.LogoutFilter@40ed1802, org.springframework.security.web.authentication.www.BasicAuthenticationFilter@4bb1b96b, org.springframework.security.web.savedrequest.RequestCacheAwareFilter@37a0ec3c, org.springframework.security.web.servletapi.SecurityContextHolderAwareRequestFilter@422ad5e2, org.springframework.security.web.authentication.AnonymousAuthenticationFilter@68b7d0ef, org.springframework.security.web.session.SessionManagementFilter@62b3a2f6, org.springframework.security.web.access.ExceptionTranslationFilter@1f736d00, org.springframework.security.web.access.intercept.AuthorizationFilter@17d2b075]
2024-03-03T17:24:25.023-03:00  INFO 10524 --- [           main] com.zaxxer.hikari.HikariDataSource       : HikariPool-1 - Starting...
2024-03-03T17:24:25.209-03:00  INFO 10524 --- [           main] com.zaxxer.hikari.pool.HikariPool        : HikariPool-1 - Added connection conn0: url=jdbc:h2:mem:50069c8f-615b-4250-9cc0-710865f26111 user=SA
2024-03-03T17:24:25.211-03:00  INFO 10524 --- [           main] com.zaxxer.hikari.HikariDataSource       : HikariPool-1 - Start completed.
2024-03-03T17:24:25.349-03:00  INFO 10524 --- [           main] b.c.w.J.Controllers.JwtValidationTest    : Started JwtValidationTest in 2.048 seconds (process running for 3.131)
2024-03-03T17:24:26.069-03:00  INFO 10524 --- [           main] o.s.b.t.m.w.SpringBootMockServletContext : Initializing Spring TestDispatcherServlet ''
2024-03-03T17:24:26.069-03:00  INFO 10524 --- [           main] o.s.t.web.servlet.TestDispatcherServlet  : Initializing Servlet ''
2024-03-03T17:24:26.070-03:00  INFO 10524 --- [           main] o.s.t.web.servlet.TestDispatcherServlet  : Completed initialization in 1 ms
2024-03-03T17:24:26.107-03:00  WARN 10524 --- [           main] .w.s.m.s.DefaultHandlerExceptionResolver : Resolved [org.springframework.http.converter.HttpMessageNotReadableException: Required request body is missing: public java.lang.Boolean br.com.wscastro.JWTProvider.Controllers.JwtValidationApplication.validateJwt(java.lang.String)]
]]></system-out>
    <system-err><![CDATA[WARNING: A Java agent has been loaded dynamically (C:\Users\willi\.m2\repository\net\bytebuddy\byte-buddy-agent\1.14.12\byte-buddy-agent-1.14.12.jar)
WARNING: If a serviceability tool is in use, please run with -XX:+EnableDynamicAgentLoading to hide this warning
WARNING: If a serviceability tool is not in use, please run with -Djdk.instrument.traceUsage for more information
WARNING: Dynamic loading of agents will be disallowed by default in a future release
]]></system-err>
  </testcase>
  <testcase name="testJwtValidationWithException" classname="br.com.wscastro.JWTProvider.Controllers.JwtValidationTest" time="0.005">
    <system-out><![CDATA[2024-03-03T17:24:26.123-03:00  INFO 10524 --- [           main] o.s.b.t.m.w.SpringBootMockServletContext : Initializing Spring TestDispatcherServlet ''
2024-03-03T17:24:26.124-03:00  INFO 10524 --- [           main] o.s.t.web.servlet.TestDispatcherServlet  : Initializing Servlet ''
2024-03-03T17:24:26.124-03:00  INFO 10524 --- [           main] o.s.t.web.servlet.TestDispatcherServlet  : Completed initialization in 0 ms
2024-03-03T17:24:26.125-03:00  WARN 10524 --- [           main] .w.s.m.s.DefaultHandlerExceptionResolver : Resolved [org.springframework.http.converter.HttpMessageNotReadableException: Required request body is missing: public org.springframework.http.ResponseEntity br.com.wscastro.JWTProvider.Controllers.JwtValidationApplication.validateJwtWithExceptions(java.lang.String)]
]]></system-out>
  </testcase>
  <testcase name="testJwtValidationCaso4WithException" classname="br.com.wscastro.JWTProvider.Controllers.JwtValidationTest" time="0.032">
    <system-out><![CDATA[2024-03-03T17:24:26.129-03:00  INFO 10524 --- [           main] o.s.b.t.m.w.SpringBootMockServletContext : Initializing Spring TestDispatcherServlet ''
2024-03-03T17:24:26.129-03:00  INFO 10524 --- [           main] o.s.t.web.servlet.TestDispatcherServlet  : Initializing Servlet ''
2024-03-03T17:24:26.130-03:00  INFO 10524 --- [           main] o.s.t.web.servlet.TestDispatcherServlet  : Completed initialization in 1 ms
]]></system-out>
  </testcase>
  <testcase name="testJwtValidationCaso3WithException" classname="br.com.wscastro.JWTProvider.Controllers.JwtValidationTest" time="0.006">
    <system-out><![CDATA[2024-03-03T17:24:26.163-03:00  INFO 10524 --- [           main] o.s.b.t.m.w.SpringBootMockServletContext : Initializing Spring TestDispatcherServlet ''
2024-03-03T17:24:26.163-03:00  INFO 10524 --- [           main] o.s.t.web.servlet.TestDispatcherServlet  : Initializing Servlet ''
2024-03-03T17:24:26.163-03:00  INFO 10524 --- [           main] o.s.t.web.servlet.TestDispatcherServlet  : Completed initialization in 0 ms
]]></system-out>
  </testcase>
  <testcase name="testJwtValidationCaso2WithException" classname="br.com.wscastro.JWTProvider.Controllers.JwtValidationTest" time="0.006">
    <system-out><![CDATA[2024-03-03T17:24:26.169-03:00  INFO 10524 --- [           main] o.s.b.t.m.w.SpringBootMockServletContext : Initializing Spring TestDispatcherServlet ''
2024-03-03T17:24:26.169-03:00  INFO 10524 --- [           main] o.s.t.web.servlet.TestDispatcherServlet  : Initializing Servlet ''
2024-03-03T17:24:26.170-03:00  INFO 10524 --- [           main] o.s.t.web.servlet.TestDispatcherServlet  : Completed initialization in 1 ms
]]></system-out>
  </testcase>
  <testcase name="testJwtValidationCaso1WithException" classname="br.com.wscastro.JWTProvider.Controllers.JwtValidationTest" time="0.011">
    <system-out><![CDATA[2024-03-03T17:24:26.176-03:00  INFO 10524 --- [           main] o.s.b.t.m.w.SpringBootMockServletContext : Initializing Spring TestDispatcherServlet ''
2024-03-03T17:24:26.176-03:00  INFO 10524 --- [           main] o.s.t.web.servlet.TestDispatcherServlet  : Initializing Servlet ''
2024-03-03T17:24:26.176-03:00  INFO 10524 --- [           main] o.s.t.web.servlet.TestDispatcherServlet  : Completed initialization in 0 ms
]]></system-out>
  </testcase>
  <testcase name="testJwtValidationCaso1" classname="br.com.wscastro.JWTProvider.Controllers.JwtValidationTest" time="0.006">
    <system-out><![CDATA[2024-03-03T17:24:26.189-03:00  INFO 10524 --- [           main] o.s.b.t.m.w.SpringBootMockServletContext : Initializing Spring TestDispatcherServlet ''
2024-03-03T17:24:26.189-03:00  INFO 10524 --- [           main] o.s.t.web.servlet.TestDispatcherServlet  : Initializing Servlet ''
2024-03-03T17:24:26.189-03:00  INFO 10524 --- [           main] o.s.t.web.servlet.TestDispatcherServlet  : Completed initialization in 0 ms
]]></system-out>
  </testcase>
  <testcase name="testJwtValidationCaso2" classname="br.com.wscastro.JWTProvider.Controllers.JwtValidationTest" time="0.005">
    <system-out><![CDATA[2024-03-03T17:24:26.196-03:00  INFO 10524 --- [           main] o.s.b.t.m.w.SpringBootMockServletContext : Initializing Spring TestDispatcherServlet ''
2024-03-03T17:24:26.196-03:00  INFO 10524 --- [           main] o.s.t.web.servlet.TestDispatcherServlet  : Initializing Servlet ''
2024-03-03T17:24:26.196-03:00  INFO 10524 --- [           main] o.s.t.web.servlet.TestDispatcherServlet  : Completed initialization in 0 ms
]]></system-out>
  </testcase>
  <testcase name="testJwtValidationCaso3" classname="br.com.wscastro.JWTProvider.Controllers.JwtValidationTest" time="0.004">
    <system-out><![CDATA[2024-03-03T17:24:26.201-03:00  INFO 10524 --- [           main] o.s.b.t.m.w.SpringBootMockServletContext : Initializing Spring TestDispatcherServlet ''
2024-03-03T17:24:26.201-03:00  INFO 10524 --- [           main] o.s.t.web.servlet.TestDispatcherServlet  : Initializing Servlet ''
2024-03-03T17:24:26.201-03:00  INFO 10524 --- [           main] o.s.t.web.servlet.TestDispatcherServlet  : Completed initialization in 0 ms
]]></system-out>
  </testcase>
  <testcase name="testJwtValidationCaso4" classname="br.com.wscastro.JWTProvider.Controllers.JwtValidationTest" time="0.008">
    <system-out><![CDATA[2024-03-03T17:24:26.208-03:00  INFO 10524 --- [           main] o.s.b.t.m.w.SpringBootMockServletContext : Initializing Spring TestDispatcherServlet ''
2024-03-03T17:24:26.208-03:00  INFO 10524 --- [           main] o.s.t.web.servlet.TestDispatcherServlet  : Initializing Servlet ''
2024-03-03T17:24:26.209-03:00  INFO 10524 --- [           main] o.s.t.web.servlet.TestDispatcherServlet  : Completed initialization in 1 ms
]]></system-out>
  </testcase>
</testsuite>